<?xml version="1.0" encoding="UTF-8"?>
<!-- Generated by org.testng.reporters.JUnitReportReporter -->
<testsuite hostname="DESKTOP-L8U9JQU" failures="0" tests="3" name="com.qa.test.AddCustomer" time="5.917" errors="0" timestamp="2023-01-30T17:35:49 SGT" skipped="0">
  <testcase classname="com.qa.test.AddCustomer" name="ZDeleteCustomer" time="0.088"/>
  <system-out/>
  <testcase classname="com.qa.test.AddCustomer" name="InsertCustomer" time="2.679"/>
  <system-out/>
  <testcase classname="com.qa.test.AddCustomer" name="VerifyCustomer" time="3.150"/>
  <system-out/>
</testsuite> <!-- com.qa.test.AddCustomer -->
