<?xml version="1.0" encoding="UTF-8"?>
<!-- Generated by org.testng.reporters.JUnitReportReporter -->
<testsuite hostname="DESKTOP-L8U9JQU" failures="0" tests="2" name="com.qa.test.TestCase2_Q2" time="3.389" errors="0" timestamp="2023-01-30T20:15:59 SGT" skipped="0">
  <testcase classname="com.qa.test.TestCase2_Q2" name="SelectCustomer" time="1.226"/>
  <system-out/>
  <testcase classname="com.qa.test.TestCase2_Q2" name="performTransactions" time="2.163"/>
  <system-out/>
</testsuite> <!-- com.qa.test.TestCase2_Q2 -->
